<?xml version="1.0" encoding="UTF-8"?>
<!-- Generated by org.testng.reporters.JUnitReportReporter -->
<testsuite hostname="Pradeep-Chakrawarti" failures="0" tests="2" name="Day1.Project" time="5.004" errors="0" timestamp="10 Mar 2024 13:53:00 GMT">
  <testcase classname="Day1.Project" name="loginFunctionality" time="1.361"/>
  <testcase classname="Day1.Project" name="registerFunctionality" time="3.643"/>
</testsuite> <!-- Day1.Project -->
